<?xml version="1.0" encoding="UTF-8"?>
<!-- Generated by org.testng.reporters.JUnitReportReporter -->
<testsuite hostname="DESKTOP-FQABRBS" failures="0" tests="4" name="com.DataDriven.test.MercurytoursTest" time="61.673" errors="0" timestamp="2020-06-13T18:34:49 EDT" skipped="0">
  <testcase classname="com.DataDriven.test.MercurytoursTest" name="MerToursRegdata" time="13.699"/>
  <system-out/>
  <testcase classname="com.DataDriven.test.MercurytoursTest" name="MerToursRegdata" time="21.397"/>
  <system-out/>
  <testcase classname="com.DataDriven.test.MercurytoursTest" name="MerToursRegdata" time="13.438"/>
  <system-out/>
  <testcase classname="com.DataDriven.test.MercurytoursTest" name="MerToursRegdata" time="13.139"/>
  <system-out/>
</testsuite> <!-- com.DataDriven.test.MercurytoursTest -->
