<?xml version="1.0" encoding="UTF-8"?>
<!-- Generated by org.testng.reporters.JUnitReportReporter -->
<testsuite hostname="DESKTOP-FQABRBS" failures="0" tests="3" name="com.test.testngbasics" time="0.020" errors="0" timestamp="2020-06-09T14:18:51 EDT" skipped="0">
  <testcase classname="com.test.testngbasics" name="testcase3" time="0.004"/>
  <system-out/>
  <testcase classname="com.test.testngbasics" name="testcase2" time="0.004"/>
  <system-out/>
  <testcase classname="com.test.testngbasics" name="testcase1" time="0.012"/>
  <system-out/>
</testsuite> <!-- com.test.testngbasics -->
