<?xml version="1.0" encoding="UTF-8"?>
<!-- Generated by org.testng.reporters.JUnitReportReporter -->
<testsuite hostname="DESKTOP-FQABRBS" failures="0" tests="2" name="com.Parameters.ParametersTestng" time="30.624" errors="0" timestamp="2020-06-11T00:18:37 EDT" skipped="0">
  <testcase classname="com.Parameters.ParametersTestng" name="Gmaillogin" time="15.214"/>
  <system-out/>
  <testcase classname="com.Parameters.ParametersTestng" name="Gmaillogin" time="15.410"/>
  <system-out/>
</testsuite> <!-- com.Parameters.ParametersTestng -->
